# JRE version: Java(TM) SE Runtime Environment (9.0+11) (build 9.0.4+11)
# Java VM: Java HotSpot(TM) 64-Bit Server VM (9.0.4+11, mixed mode, tiered, compressed oops, g1 gc, windows-amd64)
Heap:
 garbage-first heap   total 231424K, used 109350K [0x0000000700000000, 0x0000000700100710, 0x00000007c0000000)
  region size 1024K, 15 young (15360K), 0 survivors (0K)
 Metaspace       used 90359K, capacity 94110K, committed 96848K, reserved 1132544K
  class space    used 12402K, capacity 13085K, committed 13696K, reserved 1048576K
GC Heap History (10 events):
Event: 13900.141 GC heap before
{Heap before GC invocations=326 (full 12):
 garbage-first heap   total 231424K, used 155155K [0x0000000700000000, 0x0000000700100710, 0x00000007c0000000)
  region size 1024K, 60 young (61440K), 3 survivors (3072K)
 Metaspace       used 91142K, capacity 96476K, committed 96592K, reserved 1132544K
  class space    used 12670K, capacity 13602K, committed 13696K, reserved 1048576K
}
Event: 13900.147 GC heap after
{Heap after GC invocations=327 (full 12):
 garbage-first heap   total 231424K, used 96840K [0x0000000700000000, 0x0000000700100710, 0x00000007c0000000)
  region size 1024K, 3 young (3072K), 3 survivors (3072K)
 Metaspace       used 91142K, capacity 96476K, committed 96592K, reserved 1132544K
  class space    used 12670K, capacity 13602K, committed 13696K, reserved 1048576K
}
Event: 13904.178 GC heap before
{Heap before GC invocations=327 (full 12):
 garbage-first heap   total 231424K, used 155208K [0x0000000700000000, 0x0000000700100710, 0x00000007c0000000)
  region size 1024K, 60 young (61440K), 3 survivors (3072K)
 Metaspace       used 91142K, capacity 96476K, committed 96592K, reserved 1132544K
  class space    used 12670K, capacity 13602K, committed 13696K, reserved 1048576K
}
Event: 13904.183 GC heap after
{Heap after GC invocations=328 (full 12):
 garbage-first heap   total 231424K, used 96516K [0x0000000700000000, 0x0000000700100710, 0x00000007c0000000)
  region size 1024K, 2 young (2048K), 2 survivors (2048K)
 Metaspace       used 91142K, capacity 96476K, committed 96592K, reserved 1132544K
  class space    used 12670K, capacity 13602K, committed 13696K, reserved 1048576K
}
Event: 13914.090 GC heap before
{Heap before GC invocations=328 (full 12):
 garbage-first heap   total 231424K, used 155908K [0x0000000700000000, 0x0000000700100710, 0x00000007c0000000)
  region size 1024K, 60 young (61440K), 2 survivors (2048K)
 Metaspace       used 91146K, capacity 96476K, committed 96592K, reserved 1132544K
  class space    used 12670K, capacity 13602K, committed 13696K, reserved 1048576K
}
Event: 13914.098 GC heap after
{Heap after GC invocations=329 (full 12):
 garbage-first heap   total 231424K, used 96934K [0x0000000700000000, 0x0000000700100710, 0x00000007c0000000)
  region size 1024K, 3 young (3072K), 3 survivors (3072K)
 Metaspace       used 91146K, capacity 96476K, committed 96592K, reserved 1132544K
  class space    used 12670K, capacity 13602K, committed 13696K, reserved 1048576K
}
Event: 13915.820 GC heap before
{Heap before GC invocations=329 (full 12):
 garbage-first heap   total 231424K, used 155302K [0x0000000700000000, 0x0000000700100710, 0x00000007c0000000)
  region size 1024K, 60 young (61440K), 3 survivors (3072K)
 Metaspace       used 91258K, capacity 96564K, committed 96848K, reserved 1132544K
  class space    used 12679K, capacity 13606K, committed 13696K, reserved 1048576K
}
Event: 13915.832 GC heap after
{Heap after GC invocations=330 (full 12):
 garbage-first heap   total 231424K, used 99902K [0x0000000700000000, 0x0000000700100710, 0x00000007c0000000)
  region size 1024K, 6 young (6144K), 6 survivors (6144K)
 Metaspace       used 91258K, capacity 96564K, committed 96848K, reserved 1132544K
  class space    used 12679K, capacity 13606K, committed 13696K, reserved 1048576K
}
Event: 13915.931 GC heap before
{Heap before GC invocations=330 (full 12):
 garbage-first heap   total 231424K, used 110142K [0x0000000700000000, 0x0000000700100710, 0x00000007c0000000)
  region size 1024K, 11 young (11264K), 6 survivors (6144K)
 Metaspace       used 91269K, capacity 96628K, committed 96848K, reserved 1132544K
  class space    used 12679K, capacity 13606K, committed 13696K, reserved 1048576K
}
Event: 13916.309 GC heap after
{Heap after GC invocations=331 (full 13):
 garbage-first heap   total 231424K, used 95014K [0x0000000700000000, 0x0000000700100710, 0x00000007c0000000)
  region size 1024K, 0 young (0K), 0 survivors (0K)
 Metaspace       used 90285K, capacity 94046K, committed 96848K, reserved 1132544K
  class space    used 12402K, capacity 13085K, committed 13696K, reserved 1048576K
}

